Analysis & Synthesis report for vga
Sun Dec  8 13:08:40 2024
Quartus Prime Version 23.1std.1 Build 993 05/14/2024 SC Lite Edition


---------------------
; Table of Contents ;
---------------------
  1. Legal Notice
  2. Analysis & Synthesis Summary
  3. Analysis & Synthesis Settings
  4. Parallel Compilation
  5. Analysis & Synthesis Source Files Read
  6. Analysis & Synthesis Resource Usage Summary
  7. Analysis & Synthesis Resource Utilization by Entity
  8. General Register Statistics
  9. Multiplexer Restructuring Statistics (Restructuring Performed)
 10. Parameter Settings for User Entity Instance: ascii_gen:at
 11. Port Connectivity Checks: "ascii_gen:at"
 12. Post-Synthesis Netlist Statistics for Top Partition
 13. Elapsed Time Per Partition
 14. Analysis & Synthesis Messages



----------------
; Legal Notice ;
----------------
Copyright (C) 2024  Intel Corporation. All rights reserved.
Your use of Intel Corporation's design tools, logic functions 
and other software and tools, and any partner logic 
functions, and any output files from any of the foregoing 
(including device programming or simulation files), and any 
associated documentation or information are expressly subject 
to the terms and conditions of the Intel Program License 
Subscription Agreement, the Intel Quartus Prime License Agreement,
the Intel FPGA IP License Agreement, or other applicable license
agreement, including, without limitation, that your use is for
the sole purpose of programming logic devices manufactured by
Intel and sold by Intel or its authorized distributors.  Please
refer to the applicable agreement for further details, at
https://fpgasoftware.intel.com/eula.



+-------------------------------------------------------------------------------------+
; Analysis & Synthesis Summary                                                        ;
+------------------------------------+------------------------------------------------+
; Analysis & Synthesis Status        ; Successful - Sun Dec  8 13:08:40 2024          ;
; Quartus Prime Version              ; 23.1std.1 Build 993 05/14/2024 SC Lite Edition ;
; Revision Name                      ; vga                                            ;
; Top-level Entity Name              ; vga_controller                                 ;
; Family                             ; Cyclone IV E                                   ;
; Total logic elements               ; 739                                            ;
;     Total combinational functions  ; 733                                            ;
;     Dedicated logic registers      ; 100                                            ;
; Total registers                    ; 100                                            ;
; Total pins                         ; 34                                             ;
; Total virtual pins                 ; 0                                              ;
; Total memory bits                  ; 0                                              ;
; Embedded Multiplier 9-bit elements ; 0                                              ;
; Total PLLs                         ; 0                                              ;
+------------------------------------+------------------------------------------------+


+------------------------------------------------------------------------------------------------------------+
; Analysis & Synthesis Settings                                                                              ;
+------------------------------------------------------------------+--------------------+--------------------+
; Option                                                           ; Setting            ; Default Value      ;
+------------------------------------------------------------------+--------------------+--------------------+
; Device                                                           ; EP4CE115F29C7      ;                    ;
; Top-level entity name                                            ; vga_controller     ; vga                ;
; Family name                                                      ; Cyclone IV E       ; Cyclone V          ;
; Use smart compilation                                            ; Off                ; Off                ;
; Enable parallel Assembler and Timing Analyzer during compilation ; On                 ; On                 ;
; Enable compact report table                                      ; Off                ; Off                ;
; Restructure Multiplexers                                         ; Auto               ; Auto               ;
; Create Debugging Nodes for IP Cores                              ; Off                ; Off                ;
; Preserve fewer node names                                        ; On                 ; On                 ;
; Intel FPGA IP Evaluation Mode                                    ; Enable             ; Enable             ;
; Verilog Version                                                  ; Verilog_2001       ; Verilog_2001       ;
; VHDL Version                                                     ; VHDL_1993          ; VHDL_1993          ;
; State Machine Processing                                         ; Auto               ; Auto               ;
; Safe State Machine                                               ; Off                ; Off                ;
; Extract Verilog State Machines                                   ; On                 ; On                 ;
; Extract VHDL State Machines                                      ; On                 ; On                 ;
; Ignore Verilog initial constructs                                ; Off                ; Off                ;
; Iteration limit for constant Verilog loops                       ; 5000               ; 5000               ;
; Iteration limit for non-constant Verilog loops                   ; 250                ; 250                ;
; Add Pass-Through Logic to Inferred RAMs                          ; On                 ; On                 ;
; Infer RAMs from Raw Logic                                        ; On                 ; On                 ;
; Parallel Synthesis                                               ; On                 ; On                 ;
; DSP Block Balancing                                              ; Auto               ; Auto               ;
; NOT Gate Push-Back                                               ; On                 ; On                 ;
; Power-Up Don't Care                                              ; On                 ; On                 ;
; Remove Redundant Logic Cells                                     ; Off                ; Off                ;
; Remove Duplicate Registers                                       ; On                 ; On                 ;
; Ignore CARRY Buffers                                             ; Off                ; Off                ;
; Ignore CASCADE Buffers                                           ; Off                ; Off                ;
; Ignore GLOBAL Buffers                                            ; Off                ; Off                ;
; Ignore ROW GLOBAL Buffers                                        ; Off                ; Off                ;
; Ignore LCELL Buffers                                             ; Off                ; Off                ;
; Ignore SOFT Buffers                                              ; On                 ; On                 ;
; Limit AHDL Integers to 32 Bits                                   ; Off                ; Off                ;
; Optimization Technique                                           ; Balanced           ; Balanced           ;
; Carry Chain Length                                               ; 70                 ; 70                 ;
; Auto Carry Chains                                                ; On                 ; On                 ;
; Auto Open-Drain Pins                                             ; On                 ; On                 ;
; Perform WYSIWYG Primitive Resynthesis                            ; Off                ; Off                ;
; Auto ROM Replacement                                             ; On                 ; On                 ;
; Auto RAM Replacement                                             ; On                 ; On                 ;
; Auto DSP Block Replacement                                       ; On                 ; On                 ;
; Auto Shift Register Replacement                                  ; Auto               ; Auto               ;
; Allow Shift Register Merging across Hierarchies                  ; Auto               ; Auto               ;
; Auto Clock Enable Replacement                                    ; On                 ; On                 ;
; Strict RAM Replacement                                           ; Off                ; Off                ;
; Allow Synchronous Control Signals                                ; On                 ; On                 ;
; Force Use of Synchronous Clear Signals                           ; Off                ; Off                ;
; Auto RAM Block Balancing                                         ; On                 ; On                 ;
; Auto RAM to Logic Cell Conversion                                ; Off                ; Off                ;
; Auto Resource Sharing                                            ; Off                ; Off                ;
; Allow Any RAM Size For Recognition                               ; Off                ; Off                ;
; Allow Any ROM Size For Recognition                               ; Off                ; Off                ;
; Allow Any Shift Register Size For Recognition                    ; Off                ; Off                ;
; Use LogicLock Constraints during Resource Balancing              ; On                 ; On                 ;
; Ignore translate_off and synthesis_off directives                ; Off                ; Off                ;
; Timing-Driven Synthesis                                          ; On                 ; On                 ;
; Report Parameter Settings                                        ; On                 ; On                 ;
; Report Source Assignments                                        ; On                 ; On                 ;
; Report Connectivity Checks                                       ; On                 ; On                 ;
; Ignore Maximum Fan-Out Assignments                               ; Off                ; Off                ;
; Synchronization Register Chain Length                            ; 2                  ; 2                  ;
; Power Optimization During Synthesis                              ; Normal compilation ; Normal compilation ;
; HDL message level                                                ; Level2             ; Level2             ;
; Suppress Register Optimization Related Messages                  ; Off                ; Off                ;
; Number of Removed Registers Reported in Synthesis Report         ; 5000               ; 5000               ;
; Number of Swept Nodes Reported in Synthesis Report               ; 5000               ; 5000               ;
; Number of Inverted Registers Reported in Synthesis Report        ; 100                ; 100                ;
; Clock MUX Protection                                             ; On                 ; On                 ;
; Auto Gated Clock Conversion                                      ; Off                ; Off                ;
; Block Design Naming                                              ; Auto               ; Auto               ;
; SDC constraint protection                                        ; Off                ; Off                ;
; Synthesis Effort                                                 ; Auto               ; Auto               ;
; Shift Register Replacement - Allow Asynchronous Clear Signal     ; On                 ; On                 ;
; Pre-Mapping Resynthesis Optimization                             ; Off                ; Off                ;
; Analysis & Synthesis Message Level                               ; Medium             ; Medium             ;
; Disable Register Merging Across Hierarchies                      ; Auto               ; Auto               ;
; Resource Aware Inference For Block RAM                           ; On                 ; On                 ;
+------------------------------------------------------------------+--------------------+--------------------+


+------------------------------------------+
; Parallel Compilation                     ;
+----------------------------+-------------+
; Processors                 ; Number      ;
+----------------------------+-------------+
; Number detected on machine ; 8           ;
; Maximum allowed            ; 4           ;
;                            ;             ;
; Average used               ; 1.00        ;
; Maximum used               ; 4           ;
;                            ;             ;
; Usage by Processor         ; % Time Used ;
;     Processor 1            ; 100.0%      ;
;     Processor 2            ;   0.0%      ;
;     Processors 3-4         ;   0.0%      ;
+----------------------------+-------------+


+---------------------------------------------------------------------------------------------------------------------------------------------+
; Analysis & Synthesis Source Files Read                                                                                                      ;
+----------------------------------+-----------------+------------------------------+-----------------------------------------------+---------+
; File Name with User-Entered Path ; Used in Netlist ; File Type                    ; File Name with Absolute Path                  ; Library ;
+----------------------------------+-----------------+------------------------------+-----------------------------------------------+---------+
; prompt_rom.sv                    ; yes             ; User SystemVerilog HDL File  ; C:/Users/kuflu/Desktop/vga/prompt_rom.sv      ;         ;
; vga_controller.v                 ; yes             ; User Verilog HDL File        ; C:/Users/kuflu/Desktop/vga/vga_controller.v   ;         ;
; ascii_gen.sv                     ; yes             ; User SystemVerilog HDL File  ; C:/Users/kuflu/Desktop/vga/ascii_gen.sv       ;         ;
; ascii_rom.v                      ; yes             ; User Verilog HDL File        ; C:/Users/kuflu/Desktop/vga/ascii_rom.v        ;         ;
; correct_counter.sv               ; yes             ; User SystemVerilog HDL File  ; C:/Users/kuflu/Desktop/vga/correct_counter.sv ;         ;
+----------------------------------+-----------------+------------------------------+-----------------------------------------------+---------+


+---------------------------------------------------------------------------------------+
; Analysis & Synthesis Resource Usage Summary                                           ;
+---------------------------------------------+-----------------------------------------+
; Resource                                    ; Usage                                   ;
+---------------------------------------------+-----------------------------------------+
; Estimated Total logic elements              ; 739                                     ;
;                                             ;                                         ;
; Total combinational functions               ; 733                                     ;
; Logic element usage by number of LUT inputs ;                                         ;
;     -- 4 input functions                    ; 487                                     ;
;     -- 3 input functions                    ; 112                                     ;
;     -- <=2 input functions                  ; 134                                     ;
;                                             ;                                         ;
; Logic elements by mode                      ;                                         ;
;     -- normal mode                          ; 608                                     ;
;     -- arithmetic mode                      ; 125                                     ;
;                                             ;                                         ;
; Total registers                             ; 100                                     ;
;     -- Dedicated logic registers            ; 100                                     ;
;     -- I/O registers                        ; 0                                       ;
;                                             ;                                         ;
; I/O pins                                    ; 34                                      ;
;                                             ;                                         ;
; Embedded Multiplier 9-bit elements          ; 0                                       ;
;                                             ;                                         ;
; Maximum fan-out node                        ; ascii_gen:at|ascii_rom:rom0|addr_reg[4] ;
; Maximum fan-out                             ; 81                                      ;
; Total fan-out                               ; 2961                                    ;
; Average fan-out                             ; 3.29                                    ;
+---------------------------------------------+-----------------------------------------+


+---------------------------------------------------------------------------------------------------------------------------------------------------------------------------------------------------------------------------------------+
; Analysis & Synthesis Resource Utilization by Entity                                                                                                                                                                                   ;
+----------------------------+---------------------+---------------------------+-------------+--------------+---------+-----------+------+--------------+----------------------------------------------+-----------------+--------------+
; Compilation Hierarchy Node ; Combinational ALUTs ; Dedicated Logic Registers ; Memory Bits ; DSP Elements ; DSP 9x9 ; DSP 18x18 ; Pins ; Virtual Pins ; Full Hierarchy Name                          ; Entity Name     ; Library Name ;
+----------------------------+---------------------+---------------------------+-------------+--------------+---------+-----------+------+--------------+----------------------------------------------+-----------------+--------------+
; |vga_controller            ; 733 (132)           ; 100 (87)                  ; 0           ; 0            ; 0       ; 0         ; 34   ; 0            ; |vga_controller                              ; vga_controller  ; work         ;
;    |ascii_gen:at|          ; 599 (429)           ; 11 (0)                    ; 0           ; 0            ; 0       ; 0         ; 0    ; 0            ; |vga_controller|ascii_gen:at                 ; ascii_gen       ; work         ;
;       |ascii_rom:rom0|     ; 0 (0)               ; 11 (11)                   ; 0           ; 0            ; 0       ; 0         ; 0    ; 0            ; |vga_controller|ascii_gen:at|ascii_rom:rom0  ; ascii_rom       ; work         ;
;       |prompt_rom:rom1|    ; 170 (170)           ; 0 (0)                     ; 0           ; 0            ; 0       ; 0         ; 0    ; 0            ; |vga_controller|ascii_gen:at|prompt_rom:rom1 ; prompt_rom      ; work         ;
;    |correct_counter:count| ; 2 (2)               ; 2 (2)                     ; 0           ; 0            ; 0       ; 0         ; 0    ; 0            ; |vga_controller|correct_counter:count        ; correct_counter ; work         ;
+----------------------------+---------------------+---------------------------+-------------+--------------+---------+-----------+------+--------------+----------------------------------------------+-----------------+--------------+
Note: For table entries with two numbers listed, the numbers in parentheses indicate the number of resources of the given type used by the specific entity alone. The numbers listed outside of parentheses indicate the total resources of the given type used by the specific entity and all of its sub-entities in the hierarchy.


+------------------------------------------------------+
; General Register Statistics                          ;
+----------------------------------------------+-------+
; Statistic                                    ; Value ;
+----------------------------------------------+-------+
; Total registers                              ; 100   ;
; Number of registers using Synchronous Clear  ; 84    ;
; Number of registers using Synchronous Load   ; 0     ;
; Number of registers using Asynchronous Clear ; 0     ;
; Number of registers using Asynchronous Load  ; 0     ;
; Number of registers using Clock Enable       ; 74    ;
; Number of registers using Preset             ; 0     ;
+----------------------------------------------+-------+


+-----------------------------------------------------------------------------------------------------------------------------------------------------------------------+
; Multiplexer Restructuring Statistics (Restructuring Performed)                                                                                                        ;
+--------------------+-----------+---------------+----------------------+------------------------+------------+---------------------------------------------------------+
; Multiplexer Inputs ; Bus Width ; Baseline Area ; Area if Restructured ; Saving if Restructured ; Registered ; Example Multiplexer Output                              ;
+--------------------+-----------+---------------+----------------------+------------------------+------------+---------------------------------------------------------+
; 3:1                ; 32 bits   ; 64 LEs        ; 32 LEs               ; 32 LEs                 ; Yes        ; |vga_controller|correct_index_y[15]                     ;
; 4:1                ; 7 bits    ; 14 LEs        ; 14 LEs               ; 0 LEs                  ; Yes        ; |vga_controller|ascii_gen:at|ascii_rom:rom0|addr_reg[8] ;
; 3:1                ; 10 bits   ; 20 LEs        ; 10 LEs               ; 10 LEs                 ; Yes        ; |vga_controller|counter_y[7]                            ;
; 4:1                ; 32 bits   ; 64 LEs        ; 32 LEs               ; 32 LEs                 ; Yes        ; |vga_controller|correct_index_x[30]                     ;
; 3:1                ; 4 bits    ; 8 LEs         ; 8 LEs                ; 0 LEs                  ; No         ; |vga_controller|VGA_B                                   ;
; 3:1                ; 9 bits    ; 18 LEs        ; 18 LEs               ; 0 LEs                  ; No         ; |vga_controller|ascii_gen:at|letter_index[0]            ;
; 4:1                ; 3 bits    ; 6 LEs         ; 6 LEs                ; 0 LEs                  ; No         ; |vga_controller|VGA_G                                   ;
+--------------------+-----------+---------------+----------------------+------------------------+------------+---------------------------------------------------------+


+-----------------------------------------------------------+
; Parameter Settings for User Entity Instance: ascii_gen:at ;
+----------------+-------+----------------------------------+
; Parameter Name ; Value ; Type                             ;
+----------------+-------+----------------------------------+
; Y_MIN          ; 224   ; Signed Integer                   ;
; Y_MAX          ; 288   ; Signed Integer                   ;
+----------------+-------+----------------------------------+
Note: In order to hide this table in the UI and the text report file, please set the "Show Parameter Settings in Synthesis Report" option in "Analysis and Synthesis Settings -> More Settings" to "Off".


+--------------------------------------------+
; Port Connectivity Checks: "ascii_gen:at"   ;
+----------+-------+----------+--------------+
; Port     ; Type  ; Severity ; Details      ;
+----------+-------+----------+--------------+
; video_on ; Input ; Info     ; Stuck at VCC ;
+----------+-------+----------+--------------+


+-----------------------------------------------------+
; Post-Synthesis Netlist Statistics for Top Partition ;
+-----------------------+-----------------------------+
; Type                  ; Count                       ;
+-----------------------+-----------------------------+
; boundary_port         ; 34                          ;
; cycloneiii_ff         ; 100                         ;
;     ENA SCLR          ; 74                          ;
;     SCLR              ; 10                          ;
;     plain             ; 16                          ;
; cycloneiii_lcell_comb ; 736                         ;
;     arith             ; 125                         ;
;         2 data inputs ; 100                         ;
;         3 data inputs ; 25                          ;
;     normal            ; 611                         ;
;         0 data inputs ; 4                           ;
;         1 data inputs ; 6                           ;
;         2 data inputs ; 27                          ;
;         3 data inputs ; 87                          ;
;         4 data inputs ; 487                         ;
;                       ;                             ;
; Max LUT depth         ; 14.00                       ;
; Average LUT depth     ; 9.31                        ;
+-----------------------+-----------------------------+


+-------------------------------+
; Elapsed Time Per Partition    ;
+----------------+--------------+
; Partition Name ; Elapsed Time ;
+----------------+--------------+
; Top            ; 00:00:04     ;
+----------------+--------------+


+-------------------------------+
; Analysis & Synthesis Messages ;
+-------------------------------+
Info: *******************************************************************
Info: Running Quartus Prime Analysis & Synthesis
    Info: Version 23.1std.1 Build 993 05/14/2024 SC Lite Edition
    Info: Processing started: Sun Dec  8 13:08:28 2024
Info: Command: quartus_map --read_settings_files=on --write_settings_files=off vga -c vga
Warning (18236): Number of processors has not been specified which may cause overloading on shared machines.  Set the global assignment NUM_PARALLEL_PROCESSORS in your QSF to an appropriate value for best performance.
Info (20030): Parallel compilation is enabled and will use 4 of the 4 processors detected
Info (12021): Found 1 design units, including 1 entities, in source file prompt_rom.sv
    Info (12023): Found entity 1: prompt_rom File: C:/Users/kuflu/Desktop/vga/prompt_rom.sv Line: 1
Info (12021): Found 1 design units, including 1 entities, in source file vga_controller.v
    Info (12023): Found entity 1: vga_controller File: C:/Users/kuflu/Desktop/vga/vga_controller.v Line: 6
Info (12021): Found 1 design units, including 1 entities, in source file ascii_gen.sv
    Info (12023): Found entity 1: ascii_gen File: C:/Users/kuflu/Desktop/vga/ascii_gen.sv Line: 3
Info (12021): Found 1 design units, including 1 entities, in source file ascii_rom.v
    Info (12023): Found entity 1: ascii_rom File: C:/Users/kuflu/Desktop/vga/ascii_rom.v Line: 22
Info (12021): Found 1 design units, including 1 entities, in source file correct_counter.sv
    Info (12023): Found entity 1: correct_counter File: C:/Users/kuflu/Desktop/vga/correct_counter.sv Line: 1
Info (12127): Elaborating entity "vga_controller" for the top level hierarchy
Warning (10230): Verilog HDL assignment warning at vga_controller.v(63): truncated value with size 32 to match size of target (10) File: C:/Users/kuflu/Desktop/vga/vga_controller.v Line: 63
Warning (10230): Verilog HDL assignment warning at vga_controller.v(68): truncated value with size 32 to match size of target (10) File: C:/Users/kuflu/Desktop/vga/vga_controller.v Line: 68
Warning (10230): Verilog HDL assignment warning at vga_controller.v(88): truncated value with size 32 to match size of target (1) File: C:/Users/kuflu/Desktop/vga/vga_controller.v Line: 88
Warning (10230): Verilog HDL assignment warning at vga_controller.v(89): truncated value with size 32 to match size of target (1) File: C:/Users/kuflu/Desktop/vga/vga_controller.v Line: 89
Info (12128): Elaborating entity "ascii_gen" for hierarchy "ascii_gen:at" File: C:/Users/kuflu/Desktop/vga/vga_controller.v Line: 97
Warning (10230): Verilog HDL assignment warning at ascii_gen.sv(47): truncated value with size 32 to match size of target (12) File: C:/Users/kuflu/Desktop/vga/ascii_gen.sv Line: 47
Warning (10230): Verilog HDL assignment warning at ascii_gen.sv(52): truncated value with size 32 to match size of target (12) File: C:/Users/kuflu/Desktop/vga/ascii_gen.sv Line: 52
Warning (10230): Verilog HDL assignment warning at ascii_gen.sv(53): truncated value with size 32 to match size of target (2) File: C:/Users/kuflu/Desktop/vga/ascii_gen.sv Line: 53
Warning (10230): Verilog HDL assignment warning at ascii_gen.sv(57): truncated value with size 32 to match size of target (12) File: C:/Users/kuflu/Desktop/vga/ascii_gen.sv Line: 57
Info (12128): Elaborating entity "ascii_rom" for hierarchy "ascii_gen:at|ascii_rom:rom0" File: C:/Users/kuflu/Desktop/vga/ascii_gen.sv Line: 29
Info (12128): Elaborating entity "prompt_rom" for hierarchy "ascii_gen:at|prompt_rom:rom1" File: C:/Users/kuflu/Desktop/vga/ascii_gen.sv Line: 31
Warning (10030): Net "main_prompt.data_a" at prompt_rom.sv(9) has no driver or initial value, using a default initial value '0' File: C:/Users/kuflu/Desktop/vga/prompt_rom.sv Line: 9
Warning (10030): Net "main_prompt.waddr_a" at prompt_rom.sv(9) has no driver or initial value, using a default initial value '0' File: C:/Users/kuflu/Desktop/vga/prompt_rom.sv Line: 9
Warning (10030): Net "title.data_a" at prompt_rom.sv(10) has no driver or initial value, using a default initial value '0' File: C:/Users/kuflu/Desktop/vga/prompt_rom.sv Line: 10
Warning (10030): Net "title.waddr_a" at prompt_rom.sv(10) has no driver or initial value, using a default initial value '0' File: C:/Users/kuflu/Desktop/vga/prompt_rom.sv Line: 10
Warning (10030): Net "initial_prompt.data_a" at prompt_rom.sv(11) has no driver or initial value, using a default initial value '0' File: C:/Users/kuflu/Desktop/vga/prompt_rom.sv Line: 11
Warning (10030): Net "initial_prompt.waddr_a" at prompt_rom.sv(11) has no driver or initial value, using a default initial value '0' File: C:/Users/kuflu/Desktop/vga/prompt_rom.sv Line: 11
Warning (10030): Net "final_prompt.data_a" at prompt_rom.sv(12) has no driver or initial value, using a default initial value '0' File: C:/Users/kuflu/Desktop/vga/prompt_rom.sv Line: 12
Warning (10030): Net "final_prompt.waddr_a" at prompt_rom.sv(12) has no driver or initial value, using a default initial value '0' File: C:/Users/kuflu/Desktop/vga/prompt_rom.sv Line: 12
Warning (10030): Net "main_prompt.we_a" at prompt_rom.sv(9) has no driver or initial value, using a default initial value '0' File: C:/Users/kuflu/Desktop/vga/prompt_rom.sv Line: 9
Warning (10030): Net "title.we_a" at prompt_rom.sv(10) has no driver or initial value, using a default initial value '0' File: C:/Users/kuflu/Desktop/vga/prompt_rom.sv Line: 10
Warning (10030): Net "initial_prompt.we_a" at prompt_rom.sv(11) has no driver or initial value, using a default initial value '0' File: C:/Users/kuflu/Desktop/vga/prompt_rom.sv Line: 11
Warning (10030): Net "final_prompt.we_a" at prompt_rom.sv(12) has no driver or initial value, using a default initial value '0' File: C:/Users/kuflu/Desktop/vga/prompt_rom.sv Line: 12
Info (12128): Elaborating entity "correct_counter" for hierarchy "correct_counter:count" File: C:/Users/kuflu/Desktop/vga/vga_controller.v Line: 101
Info (276014): Found 4 instances of uninferred RAM logic
    Info (276007): RAM logic "ascii_gen:at|prompt_rom:rom1|main_prompt" is uninferred due to asynchronous read logic File: C:/Users/kuflu/Desktop/vga/prompt_rom.sv Line: 9
    Info (276004): RAM logic "ascii_gen:at|prompt_rom:rom1|title" is uninferred due to inappropriate RAM size File: C:/Users/kuflu/Desktop/vga/prompt_rom.sv Line: 10
    Info (276004): RAM logic "ascii_gen:at|prompt_rom:rom1|initial_prompt" is uninferred due to inappropriate RAM size File: C:/Users/kuflu/Desktop/vga/prompt_rom.sv Line: 11
    Info (276004): RAM logic "ascii_gen:at|prompt_rom:rom1|final_prompt" is uninferred due to inappropriate RAM size File: C:/Users/kuflu/Desktop/vga/prompt_rom.sv Line: 12
Critical Warning (127005): Memory depth (256) in the design file differs from memory depth (192) in the Memory Initialization File "C:/Users/kuflu/Desktop/vga/db/vga.ram0_prompt_rom_d9500175.hdl.mif" -- setting initial value for remaining addresses to 0
Critical Warning (127005): Memory depth (32) in the design file differs from memory depth (26) in the Memory Initialization File "C:/Users/kuflu/Desktop/vga/db/vga.ram1_prompt_rom_d9500175.hdl.mif" -- setting initial value for remaining addresses to 0
Critical Warning (127005): Memory depth (32) in the design file differs from memory depth (22) in the Memory Initialization File "C:/Users/kuflu/Desktop/vga/db/vga.ram2_prompt_rom_d9500175.hdl.mif" -- setting initial value for remaining addresses to 0
Critical Warning (127005): Memory depth (32) in the design file differs from memory depth (22) in the Memory Initialization File "C:/Users/kuflu/Desktop/vga/db/vga.ram3_prompt_rom_d9500175.hdl.mif" -- setting initial value for remaining addresses to 0
Warning (13024): Output pins are stuck at VCC or GND
    Warning (13410): Pin "VGA_BLANK_N" is stuck at VCC File: C:/Users/kuflu/Desktop/vga/vga_controller.v Line: 16
    Warning (13410): Pin "VGA_SYNC_N" is stuck at VCC File: C:/Users/kuflu/Desktop/vga/vga_controller.v Line: 18
Info (286030): Timing-Driven Synthesis is running
Info (16010): Generating hard_block partition "hard_block:auto_generated_inst"
    Info (16011): Adding 0 node(s), including 0 DDIO, 0 PLL, 0 transceiver and 0 LCELL
Warning (21074): Design contains 2 input pin(s) that do not drive logic
    Warning (15610): No output dependent on input pin "KEY[0]" File: C:/Users/kuflu/Desktop/vga/vga_controller.v Line: 8
    Warning (15610): No output dependent on input pin "KEY[1]" File: C:/Users/kuflu/Desktop/vga/vga_controller.v Line: 8
Info (21057): Implemented 773 device resources after synthesis - the final resource count might be different
    Info (21058): Implemented 5 input pins
    Info (21059): Implemented 29 output pins
    Info (21061): Implemented 739 logic cells
Info: Quartus Prime Analysis & Synthesis was successful. 0 errors, 31 warnings
    Info: Peak virtual memory: 4798 megabytes
    Info: Processing ended: Sun Dec  8 13:08:40 2024
    Info: Elapsed time: 00:00:12
    Info: Total CPU time (on all processors): 00:00:11


